<?xml version="1.0" encoding="UTF-8"?>
<testng-results ignored="0" total="1" passed="1" failed="0" skipped="0">
  <reporter-output>
  </reporter-output>
  <suite started-at="2023-08-28T20:40:18 EDT" name="Default suite" finished-at="2023-08-28T20:40:38 EDT" duration-ms="19634">
    <groups>
    </groups>
    <test started-at="2023-08-28T20:40:18 EDT" name="Default test" finished-at="2023-08-28T20:40:38 EDT" duration-ms="19634">
      <class name="com.happy.Automation4.class2">
        <test-method signature="happy()[pri:0, instance:com.happy.Automation4.class2@576d5deb]" started-at="2023-08-28T20:40:18 EDT" name="happy" finished-at="2023-08-28T20:40:38 EDT" duration-ms="19569" status="PASS">
          <reporter-output>
          </reporter-output>
        </test-method> <!-- happy -->
      </class> <!-- com.happy.Automation4.class2 -->
    </test> <!-- Default test -->
  </suite> <!-- Default suite -->
</testng-results>
